<?xml version="1.0" encoding="UTF-8"?>
<!-- Generated by org.testng.reporters.JUnitReportReporter -->
<testsuite skipped="0" hostname="HOME-PC" name="com.automation.testcases.ExampleDependencyPriority" tests="5" failures="0" timestamp="25 May 2023 10:13:33 GMT" time="0.010" errors="0">
  <testcase name="test3" time="0.009" classname="com.automation.testcases.ExampleDependencyPriority"/>
  <testcase name="test5" time="0.000" classname="com.automation.testcases.ExampleDependencyPriority"/>
  <testcase name="test1" time="0.001" classname="com.automation.testcases.ExampleDependencyPriority"/>
  <testcase name="test4" time="0.000" classname="com.automation.testcases.ExampleDependencyPriority"/>
  <testcase name="test2" time="0.000" classname="com.automation.testcases.ExampleDependencyPriority"/>
</testsuite> <!-- com.automation.testcases.ExampleDependencyPriority -->
