<?xml version="1.0" encoding="UTF-8"?>
<!-- Generated by org.testng.reporters.JUnitReportReporter -->
<testsuite skipped="0" hostname="HOME-PC" name="com.automation.testcases.DataDrivenTestExcel" tests="11" failures="0" timestamp="26 May 2023 18:06:44 GMT" time="0.014" errors="0">
  <testcase name="verifyLoginUnsuccessfulWithInvalidCredentials" time="0.000" classname="com.automation.testcases.DataDrivenTestExcel"/>
  <testcase name="verifyLoginUnsuccessfulWithInvalidCredentials" time="0.000" classname="com.automation.testcases.DataDrivenTestExcel"/>
  <testcase name="verifyLoginUnsuccessfulWithInvalidCredentials" time="0.000" classname="com.automation.testcases.DataDrivenTestExcel"/>
  <testcase name="verifyLoginUnsuccessfulWithInvalidCredentials" time="0.000" classname="com.automation.testcases.DataDrivenTestExcel"/>
  <testcase name="verifyLoginUnsuccessfulWithInvalidCredentials" time="0.001" classname="com.automation.testcases.DataDrivenTestExcel"/>
  <testcase name="verifyLoginUnsuccessfulWithInvalidCredentials" time="0.000" classname="com.automation.testcases.DataDrivenTestExcel"/>
  <testcase name="verifyLoginUnsuccessfulWithInvalidCredentials" time="0.001" classname="com.automation.testcases.DataDrivenTestExcel"/>
  <testcase name="verifyLoginSuccessfulWithValidCredentials" time="0.010" classname="com.automation.testcases.DataDrivenTestExcel"/>
  <testcase name="verifyLoginUnsuccessfulWithInvalidCredentials" time="0.000" classname="com.automation.testcases.DataDrivenTestExcel"/>
  <testcase name="verifyLoginUnsuccessfulWithInvalidCredentials" time="0.002" classname="com.automation.testcases.DataDrivenTestExcel"/>
  <testcase name="verifyLoginUnsuccessfulWithInvalidCredentials" time="0.000" classname="com.automation.testcases.DataDrivenTestExcel"/>
</testsuite> <!-- com.automation.testcases.DataDrivenTestExcel -->
