<?xml version="1.0" encoding="UTF-8"?>
<!-- Generated by org.testng.reporters.JUnitReportReporter -->
<testsuite skipped="0" hostname="HOME-PC" name="com.automation.testcases.CartPageTest" tests="3" failures="0" timestamp="24 May 2023 14:21:34 GMT" time="43.268" errors="0">
  <testcase name="verifyUserCanAddProductToCart" time="14.652" classname="com.automation.testcases.CartPageTest"/>
  <testcase name="verifyUserCanRemoveItemFromCArt" time="16.178" classname="com.automation.testcases.CartPageTest"/>
  <testcase name="verifyUserCanChangeQuantityOfItem" time="12.438" classname="com.automation.testcases.CartPageTest"/>
</testsuite> <!-- com.automation.testcases.CartPageTest -->
